<?xml version="1.0" encoding="UTF-8"?>
<testng-results ignored="0" total="1" passed="1" failed="0" skipped="0">
  <reporter-output>
  </reporter-output>
  <suite started-at="2025-08-11T16:40:53 IST" name="Default suite" finished-at="2025-08-11T16:40:56 IST" duration-ms="2885">
    <groups>
    </groups>
    <test started-at="2025-08-11T16:40:53 IST" name="Default test" finished-at="2025-08-11T16:40:56 IST" duration-ms="2885">
      <class name="SimpleProject.TestEdge">
        <test-method signature="totestr()[pri:0, instance:SimpleProject.TestEdge@175c2241]" started-at="2025-08-11T16:40:53 IST" name="totestr" finished-at="2025-08-11T16:40:56 IST" duration-ms="2705" status="PASS">
          <reporter-output>
          </reporter-output>
        </test-method> <!-- totestr -->
      </class> <!-- SimpleProject.TestEdge -->
    </test> <!-- Default test -->
  </suite> <!-- Default suite -->
</testng-results>
